0 info it worked if it ends with ok
1 verbose cli [ '/usr/bin/nodejs', '/usr/bin/npm', 'start' ]
2 info using npm@3.10.3
3 info using node@v6.7.0
4 verbose run-script [ 'prestart', 'start', 'poststart' ]
5 info lifecycle event-property@1.0.0~prestart: event-property@1.0.0
6 silly lifecycle event-property@1.0.0~prestart: no script for prestart, continuing
7 info lifecycle event-property@1.0.0~start: event-property@1.0.0
8 verbose lifecycle event-property@1.0.0~start: unsafe-perm in lifecycle true
9 verbose lifecycle event-property@1.0.0~start: PATH: /usr/lib/node_modules/npm/bin/node-gyp-bin:/home/hyperkot/event-property/node_modules/.bin:/usr/bin:/opt/OpenPrinting-Gutenprint/sbin:/opt/OpenPrinting-Gutenprint/bin:/home/hyperkot/bin:/home/hyperkot/.local/bin:/opt/OpenPrinting-Gutenprint/sbin:/opt/OpenPrinting-Gutenprint/bin:/usr/local/sbin:/usr/local/bin:/usr/sbin:/usr/bin:/sbin:/bin:/usr/games:/usr/local/games:/snap/bin:/snap/bin:/home/hyperkot/kotolab/exe
10 verbose lifecycle event-property@1.0.0~start: CWD: /home/hyperkot/event-property
11 silly lifecycle event-property@1.0.0~start: Args: [ '-c',
11 silly lifecycle   'nodemon -w . -x "tsfind && tsc -p . && mocha" -d 1 -i "*.js" -e ts' ]
12 silly lifecycle event-property@1.0.0~start: Returned: code: 1  signal: null
13 info lifecycle event-property@1.0.0~start: Failed to exec start script
14 verbose stack Error: event-property@1.0.0 start: `nodemon -w . -x "tsfind && tsc -p . && mocha" -d 1 -i "*.js" -e ts`
14 verbose stack Exit status 1
14 verbose stack     at EventEmitter.<anonymous> (/usr/lib/node_modules/npm/lib/utils/lifecycle.js:242:16)
14 verbose stack     at emitTwo (events.js:106:13)
14 verbose stack     at EventEmitter.emit (events.js:191:7)
14 verbose stack     at ChildProcess.<anonymous> (/usr/lib/node_modules/npm/lib/utils/spawn.js:40:14)
14 verbose stack     at emitTwo (events.js:106:13)
14 verbose stack     at ChildProcess.emit (events.js:191:7)
14 verbose stack     at maybeClose (internal/child_process.js:877:16)
14 verbose stack     at Process.ChildProcess._handle.onexit (internal/child_process.js:226:5)
15 verbose pkgid event-property@1.0.0
16 verbose cwd /home/hyperkot/event-property
17 error Linux 4.4.0-47-generic
18 error argv "/usr/bin/nodejs" "/usr/bin/npm" "start"
19 error node v6.7.0
20 error npm  v3.10.3
21 error code ELIFECYCLE
22 error event-property@1.0.0 start: `nodemon -w . -x "tsfind && tsc -p . && mocha" -d 1 -i "*.js" -e ts`
22 error Exit status 1
23 error Failed at the event-property@1.0.0 start script 'nodemon -w . -x "tsfind && tsc -p . && mocha" -d 1 -i "*.js" -e ts'.
23 error Make sure you have the latest version of node.js and npm installed.
23 error If you do, this is most likely a problem with the event-property package,
23 error not with npm itself.
23 error Tell the author that this fails on your system:
23 error     nodemon -w . -x "tsfind && tsc -p . && mocha" -d 1 -i "*.js" -e ts
23 error You can get information on how to open an issue for this project with:
23 error     npm bugs event-property
23 error Or if that isn't available, you can get their info via:
23 error     npm owner ls event-property
23 error There is likely additional logging output above.
24 verbose exit [ 1, true ]
